<?xml version="1.0" encoding="UTF-8"?>
<robot generator="Robot 3.1.2 (Python 3.8.2 on win32)" generated="20200526 21:55:18.512" rpa="false">
<suite id="s1" name="Test" source="C:\wejump\test.robot">
<test id="s1-t1" name="Deve clicar nos botões do painel Buttons">
<kw name="Abrir Browser" library="basic" type="setup">
<kw name="Open Browser" library="SeleniumLibrary">
<doc>Opens a new browser instance to the optional ``url``.</doc>
<arguments>
<arg>https://wejump-automation-test.github.io/qa-test/</arg>
<arg>chrome</arg>
</arguments>
<msg timestamp="20200526 21:55:18.819" level="INFO">Opening browser 'chrome' to base url 'https://wejump-automation-test.github.io/qa-test/'.</msg>
<status status="PASS" starttime="20200526 21:55:18.818" endtime="20200526 21:55:26.935"></status>
</kw>
<status status="PASS" starttime="20200526 21:55:18.817" endtime="20200526 21:55:26.935"></status>
</kw>
<kw name="Click Button" library="SeleniumLibrary">
<doc>Clicks the button identified by ``locator``.</doc>
<arguments>
<arg>id:btn_one</arg>
</arguments>
<msg timestamp="20200526 21:55:26.937" level="INFO">Clicking button 'id:btn_one'.</msg>
<status status="PASS" starttime="20200526 21:55:26.937" endtime="20200526 21:55:27.091"></status>
</kw>
<kw name="Click Button" library="SeleniumLibrary">
<doc>Clicks the button identified by ``locator``.</doc>
<arguments>
<arg>id:btn_two</arg>
</arguments>
<msg timestamp="20200526 21:55:27.096" level="INFO">Clicking button 'id:btn_two'.</msg>
<status status="PASS" starttime="20200526 21:55:27.095" endtime="20200526 21:55:27.220"></status>
</kw>
<kw name="Click Button" library="SeleniumLibrary">
<doc>Clicks the button identified by ``locator``.</doc>
<arguments>
<arg>id:btn_link</arg>
</arguments>
<msg timestamp="20200526 21:55:27.220" level="INFO">Clicking button 'id:btn_link'.</msg>
<status status="PASS" starttime="20200526 21:55:27.220" endtime="20200526 21:55:27.365"></status>
</kw>
<kw name="Page Should Not Contain Radio Button" library="SeleniumLibrary">
<doc>Verifies radio button ``locator`` is not found from current page.</doc>
<arguments>
<arg>id:btn_one</arg>
</arguments>
<msg timestamp="20200526 21:55:27.387" level="INFO">Current page does not contain radio button 'id:btn_one'.</msg>
<status status="PASS" starttime="20200526 21:55:27.366" endtime="20200526 21:55:27.387"></status>
</kw>
<kw name="Page Should Not Contain Radio Button" library="SeleniumLibrary">
<doc>Verifies radio button ``locator`` is not found from current page.</doc>
<arguments>
<arg>id:btn_two</arg>
</arguments>
<msg timestamp="20200526 21:55:27.415" level="INFO">Current page does not contain radio button 'id:btn_two'.</msg>
<status status="PASS" starttime="20200526 21:55:27.388" endtime="20200526 21:55:27.415"></status>
</kw>
<kw name="Page Should Not Contain Radio Button" library="SeleniumLibrary">
<doc>Verifies radio button ``locator`` is not found from current page.</doc>
<arguments>
<arg>id:btn_link</arg>
</arguments>
<msg timestamp="20200526 21:55:27.452" level="INFO">Current page does not contain radio button 'id:btn_link'.</msg>
<status status="PASS" starttime="20200526 21:55:27.417" endtime="20200526 21:55:27.452"></status>
</kw>
<kw name="Fechar Browser" library="basic" type="teardown">
<kw name="Capture Page Screenshot" library="SeleniumLibrary">
<doc>Takes a screenshot of the current page and embeds it into a log file.</doc>
<msg timestamp="20200526 21:55:27.837" level="INFO" html="yes">&lt;/td&gt;&lt;/tr&gt;&lt;tr&gt;&lt;td colspan="3"&gt;&lt;a href="selenium-screenshot-12.png"&gt;&lt;img src="selenium-screenshot-12.png" width="800px"&gt;&lt;/a&gt;</msg>
<status status="PASS" starttime="20200526 21:55:27.454" endtime="20200526 21:55:27.837"></status>
</kw>
<kw name="Close Browser" library="SeleniumLibrary">
<doc>Closes the current browser.</doc>
<status status="PASS" starttime="20200526 21:55:27.837" endtime="20200526 21:55:30.122"></status>
</kw>
<status status="PASS" starttime="20200526 21:55:27.453" endtime="20200526 21:55:30.122"></status>
</kw>
<status status="PASS" starttime="20200526 21:55:18.816" endtime="20200526 21:55:30.123" critical="yes"></status>
</test>
<test id="s1-t2" name="Deve clicar botões do painel IFrame Buttons">
<kw name="Abrir Browser" library="basic" type="setup">
<kw name="Open Browser" library="SeleniumLibrary">
<doc>Opens a new browser instance to the optional ``url``.</doc>
<arguments>
<arg>https://wejump-automation-test.github.io/qa-test/</arg>
<arg>chrome</arg>
</arguments>
<msg timestamp="20200526 21:55:30.127" level="INFO">Opening browser 'chrome' to base url 'https://wejump-automation-test.github.io/qa-test/'.</msg>
<status status="PASS" starttime="20200526 21:55:30.127" endtime="20200526 21:55:38.355"></status>
</kw>
<status status="PASS" starttime="20200526 21:55:30.126" endtime="20200526 21:55:38.355"></status>
</kw>
<kw name="Click Button" library="SeleniumLibrary">
<doc>Clicks the button identified by ``locator``.</doc>
<arguments>
<arg>xpath=//*[@id="btn_one"]</arg>
</arguments>
<msg timestamp="20200526 21:55:38.358" level="INFO">Clicking button 'xpath=//*[@id="btn_one"]'.</msg>
<status status="PASS" starttime="20200526 21:55:38.357" endtime="20200526 21:55:38.497"></status>
</kw>
<kw name="Click Button" library="SeleniumLibrary">
<doc>Clicks the button identified by ``locator``.</doc>
<arguments>
<arg>xpath=//*[@id="btn_two"]</arg>
</arguments>
<msg timestamp="20200526 21:55:38.499" level="INFO">Clicking button 'xpath=//*[@id="btn_two"]'.</msg>
<status status="PASS" starttime="20200526 21:55:38.498" endtime="20200526 21:55:38.634"></status>
</kw>
<kw name="Click Button" library="SeleniumLibrary">
<doc>Clicks the button identified by ``locator``.</doc>
<arguments>
<arg>xpath=//*[@id="btn_link"]</arg>
</arguments>
<msg timestamp="20200526 21:55:38.635" level="INFO">Clicking button 'xpath=//*[@id="btn_link"]'.</msg>
<status status="PASS" starttime="20200526 21:55:38.635" endtime="20200526 21:55:38.761"></status>
</kw>
<kw name="Page Should Not Contain Radio Button" library="SeleniumLibrary">
<doc>Verifies radio button ``locator`` is not found from current page.</doc>
<arguments>
<arg>xpath=//*[@id="btn_one"]</arg>
</arguments>
<msg timestamp="20200526 21:55:38.784" level="INFO">Current page does not contain radio button 'xpath=//*[@id="btn_one"]'.</msg>
<status status="PASS" starttime="20200526 21:55:38.762" endtime="20200526 21:55:38.784"></status>
</kw>
<kw name="Page Should Not Contain Radio Button" library="SeleniumLibrary">
<doc>Verifies radio button ``locator`` is not found from current page.</doc>
<arguments>
<arg>xpath=//*[@id="btn_two"]</arg>
</arguments>
<msg timestamp="20200526 21:55:38.803" level="INFO">Current page does not contain radio button 'xpath=//*[@id="btn_two"]'.</msg>
<status status="PASS" starttime="20200526 21:55:38.784" endtime="20200526 21:55:38.803"></status>
</kw>
<kw name="Page Should Not Contain Radio Button" library="SeleniumLibrary">
<doc>Verifies radio button ``locator`` is not found from current page.</doc>
<arguments>
<arg>xpath=//*[@id="btn_link"]</arg>
</arguments>
<msg timestamp="20200526 21:55:38.821" level="INFO">Current page does not contain radio button 'xpath=//*[@id="btn_link"]'.</msg>
<status status="PASS" starttime="20200526 21:55:38.803" endtime="20200526 21:55:38.822"></status>
</kw>
<kw name="Fechar Browser" library="basic" type="teardown">
<kw name="Capture Page Screenshot" library="SeleniumLibrary">
<doc>Takes a screenshot of the current page and embeds it into a log file.</doc>
<msg timestamp="20200526 21:55:39.167" level="INFO" html="yes">&lt;/td&gt;&lt;/tr&gt;&lt;tr&gt;&lt;td colspan="3"&gt;&lt;a href="selenium-screenshot-13.png"&gt;&lt;img src="selenium-screenshot-13.png" width="800px"&gt;&lt;/a&gt;</msg>
<status status="PASS" starttime="20200526 21:55:38.825" endtime="20200526 21:55:39.167"></status>
</kw>
<kw name="Close Browser" library="SeleniumLibrary">
<doc>Closes the current browser.</doc>
<status status="PASS" starttime="20200526 21:55:39.167" endtime="20200526 21:55:41.423"></status>
</kw>
<status status="PASS" starttime="20200526 21:55:38.825" endtime="20200526 21:55:41.423"></status>
</kw>
<status status="PASS" starttime="20200526 21:55:30.126" endtime="20200526 21:55:41.424" critical="yes"></status>
</test>
<test id="s1-t3" name="Deve executar várias ações">
<kw name="Abrir Browser" library="basic" type="setup">
<kw name="Open Browser" library="SeleniumLibrary">
<doc>Opens a new browser instance to the optional ``url``.</doc>
<arguments>
<arg>https://wejump-automation-test.github.io/qa-test/</arg>
<arg>chrome</arg>
</arguments>
<msg timestamp="20200526 21:55:41.429" level="INFO">Opening browser 'chrome' to base url 'https://wejump-automation-test.github.io/qa-test/'.</msg>
<status status="PASS" starttime="20200526 21:55:41.429" endtime="20200526 21:55:50.464"></status>
</kw>
<status status="PASS" starttime="20200526 21:55:41.428" endtime="20200526 21:55:50.465"></status>
</kw>
<kw name="Input Text" library="SeleniumLibrary">
<doc>Types the given ``text`` into the text field identified by ``locator``.</doc>
<arguments>
<arg>id:first_name</arg>
<arg>Teste 1234</arg>
</arguments>
<msg timestamp="20200526 21:55:50.466" level="INFO">Typing text 'Teste 1234' into text field 'id:first_name'.</msg>
<status status="PASS" starttime="20200526 21:55:50.466" endtime="20200526 21:55:50.720"></status>
</kw>
<kw name="Click Button" library="SeleniumLibrary">
<doc>Clicks the button identified by ``locator``.</doc>
<arguments>
<arg>id:btn_one</arg>
</arguments>
<msg timestamp="20200526 21:55:50.721" level="INFO">Clicking button 'id:btn_one'.</msg>
<status status="PASS" starttime="20200526 21:55:50.721" endtime="20200526 21:55:50.843"></status>
</kw>
<kw name="Select Checkbox" library="SeleniumLibrary">
<doc>Selects the checkbox identified by ``locator``.</doc>
<arguments>
<arg>opt_three</arg>
</arguments>
<msg timestamp="20200526 21:55:50.844" level="INFO">Selecting checkbox 'opt_three'.</msg>
<status status="PASS" starttime="20200526 21:55:50.843" endtime="20200526 21:55:51.012"></status>
</kw>
<kw name="Select From List By Value" library="SeleniumLibrary">
<doc>Selects options from selection list ``locator`` by ``values``.</doc>
<arguments>
<arg>id:select_box</arg>
<arg>option_two</arg>
</arguments>
<msg timestamp="20200526 21:55:51.013" level="INFO">Selecting options from selection list 'id:select_box' by value option_two.</msg>
<status status="PASS" starttime="20200526 21:55:51.013" endtime="20200526 21:55:51.175"></status>
</kw>
<kw name="Page Should Contain Image" library="SeleniumLibrary">
<doc>Verifies image identified by ``locator`` is found from current page.</doc>
<arguments>
<arg>class:img-responsive-center-block</arg>
</arguments>
<msg timestamp="20200526 21:55:51.251" level="INFO">Current page contains image 'class:img-responsive-center-block'.</msg>
<status status="PASS" starttime="20200526 21:55:51.176" endtime="20200526 21:55:51.251"></status>
</kw>
<kw name="Fechar Browser" library="basic" type="teardown">
<kw name="Capture Page Screenshot" library="SeleniumLibrary">
<doc>Takes a screenshot of the current page and embeds it into a log file.</doc>
<msg timestamp="20200526 21:55:51.641" level="INFO" html="yes">&lt;/td&gt;&lt;/tr&gt;&lt;tr&gt;&lt;td colspan="3"&gt;&lt;a href="selenium-screenshot-14.png"&gt;&lt;img src="selenium-screenshot-14.png" width="800px"&gt;&lt;/a&gt;</msg>
<status status="PASS" starttime="20200526 21:55:51.253" endtime="20200526 21:55:51.641"></status>
</kw>
<kw name="Close Browser" library="SeleniumLibrary">
<doc>Closes the current browser.</doc>
<status status="PASS" starttime="20200526 21:55:51.641" endtime="20200526 21:55:53.906"></status>
</kw>
<status status="PASS" starttime="20200526 21:55:51.252" endtime="20200526 21:55:53.906"></status>
</kw>
<status status="PASS" starttime="20200526 21:55:41.427" endtime="20200526 21:55:53.907" critical="yes"></status>
</test>
<status status="PASS" starttime="20200526 21:55:18.515" endtime="20200526 21:55:53.911"></status>
</suite>
<statistics>
<total>
<stat pass="3" fail="0">Critical Tests</stat>
<stat pass="3" fail="0">All Tests</stat>
</total>
<tag>
</tag>
<suite>
<stat pass="3" fail="0" id="s1" name="Test">Test</stat>
</suite>
</statistics>
<errors>
</errors>
</robot>
